47.0 APEX_CODE,FINEST;APEX_PROFILING,INFO;CALLOUT,INFO;DB,INFO;NBA,INFO;SYSTEM,DEBUG;VALIDATION,INFO;VISUALFORCE,FINER;WAVE,INFO;WORKFLOW,INFO
Execute Anonymous: EmailManager em = new EmailManager();
Execute Anonymous: em.sendMail('kosaniakm@gmail.com', 'Trailhead Tutorial', 'ndf');
20:25:20.1 (1907435)|USER_INFO|[EXTERNAL]|0053X00000AtFIZ|marik@ctdevlviv.stud|(GMT+00:00) Irish Standard Time (Europe/Dublin)|GMTZ
20:25:20.1 (1967054)|EXECUTION_STARTED
20:25:20.1 (1982990)|CODE_UNIT_STARTED|[EXTERNAL]|execute_anonymous_apex
20:25:20.1 (3190576)|VARIABLE_SCOPE_BEGIN|[1]|em|EmailManager|true|false
20:25:20.1 (3565222)|HEAP_ALLOCATE|[79]|Bytes:3
20:25:20.1 (3669453)|HEAP_ALLOCATE|[84]|Bytes:152
20:25:20.1 (3693858)|HEAP_ALLOCATE|[399]|Bytes:408
20:25:20.1 (3716467)|HEAP_ALLOCATE|[412]|Bytes:408
20:25:20.1 (3735867)|HEAP_ALLOCATE|[520]|Bytes:48
20:25:20.1 (3773706)|HEAP_ALLOCATE|[139]|Bytes:6
20:25:20.1 (3907359)|HEAP_ALLOCATE|[EXTERNAL]|Bytes:3
20:25:20.1 (3995887)|STATEMENT_EXECUTE|[1]
20:25:20.1 (4005055)|STATEMENT_EXECUTE|[1]
20:25:20.1 (4015610)|HEAP_ALLOCATE|[1]|Bytes:4
20:25:20.1 (4025180)|HEAP_ALLOCATE|[1]|Bytes:5
20:25:20.1 (4071382)|METHOD_ENTRY|[1]|01p3X00000DVQ3s|EmailManager.EmailManager()
20:25:20.1 (4080199)|STATEMENT_EXECUTE|[1]
20:25:20.1 (4088980)|STATEMENT_EXECUTE|[1]
20:25:20.1 (4146890)|METHOD_EXIT|[1]|EmailManager
20:25:20.1 (4169696)|HEAP_ALLOCATE|[1]|Bytes:4
20:25:20.1 (4224833)|HEAP_ALLOCATE|[52]|Bytes:5
20:25:20.1 (4273713)|HEAP_ALLOCATE|[58]|Bytes:5
20:25:20.1 (4285420)|HEAP_ALLOCATE|[66]|Bytes:7
20:25:20.1 (4331221)|SYSTEM_MODE_ENTER|false
20:25:20.1 (4415204)|HEAP_ALLOCATE|[1]|Bytes:5
20:25:20.1 (4491577)|CONSTRUCTOR_ENTRY|[1]|01p3X00000DVQ3s|<init>()|EmailManager
20:25:20.1 (4559844)|VARIABLE_SCOPE_BEGIN|[1]|this|EmailManager|true|false
20:25:20.1 (4722899)|VARIABLE_ASSIGNMENT|[1]|this|{}|0x49df9891
20:25:20.1 (4742958)|HEAP_ALLOCATE|[EXTERNAL]|Bytes:6
20:25:20.1 (8815874)|STATEMENT_EXECUTE|[1]
20:25:20.1 (8851927)|CONSTRUCTOR_EXIT|[1]|01p3X00000DVQ3s|<init>()|EmailManager
20:25:20.1 (8873956)|SYSTEM_MODE_EXIT|false
20:25:20.1 (8925538)|VARIABLE_ASSIGNMENT|[1]|em|{}|0x49df9891
20:25:20.1 (8933885)|STATEMENT_EXECUTE|[2]
20:25:20.1 (8944372)|HEAP_ALLOCATE|[2]|Bytes:19
20:25:20.1 (8952080)|HEAP_ALLOCATE|[2]|Bytes:18
20:25:20.1 (8957898)|HEAP_ALLOCATE|[2]|Bytes:3
20:25:20.1 (9003359)|SYSTEM_MODE_ENTER|false
20:25:20.1 (9027546)|HEAP_ALLOCATE|[2]|Bytes:5
20:25:20.1 (9090342)|METHOD_ENTRY|[2]|01p3X00000DVQ3s|EmailManager.sendMail(String, String, String)
20:25:20.1 (9136105)|VARIABLE_SCOPE_BEGIN|[3]|this|EmailManager|true|false
20:25:20.1 (9163153)|VARIABLE_ASSIGNMENT|[3]|this|{}|0x49df9891
20:25:20.1 (9173096)|VARIABLE_SCOPE_BEGIN|[3]|address|String|false|false
20:25:20.1 (9196004)|VARIABLE_ASSIGNMENT|[3]|address|"kosaniakm@gmail.com"
20:25:20.1 (9203453)|VARIABLE_SCOPE_BEGIN|[3]|subject|String|false|false
20:25:20.1 (9218903)|VARIABLE_ASSIGNMENT|[3]|subject|"Trailhead Tutorial"
20:25:20.1 (9226894)|VARIABLE_SCOPE_BEGIN|[3]|body|String|false|false
20:25:20.1 (9241664)|VARIABLE_ASSIGNMENT|[3]|body|"ndf"
20:25:20.1 (9254005)|STATEMENT_EXECUTE|[3]
20:25:20.1 (9258138)|STATEMENT_EXECUTE|[5]
20:25:20.1 (9462166)|VARIABLE_SCOPE_BEGIN|[5]|mail|Messaging.SingleEmailMessage|true|false
20:25:20.1 (9891501)|VARIABLE_ASSIGNMENT|[5]|mail|"common.api.soap.wsdl.SingleEmailMessage@3e045ef5"|0x461d565f
20:25:20.1 (9907713)|STATEMENT_EXECUTE|[6]
20:25:20.1 (9994535)|HEAP_ALLOCATE|[6]|Bytes:4
20:25:20.1 (10115911)|VARIABLE_SCOPE_BEGIN|[6]|toAddresses|List<String>|true|false
20:25:20.1 (10174567)|HEAP_ALLOCATE|[EXTERNAL]|Bytes:8
20:25:20.1 (10212179)|VARIABLE_ASSIGNMENT|[6]|toAddresses|["kosaniakm@gmail.com"]|0x4c8b38cb
20:25:20.1 (10222214)|STATEMENT_EXECUTE|[7]
20:25:20.1 (10336523)|STATEMENT_EXECUTE|[8]
20:25:20.1 (10430419)|STATEMENT_EXECUTE|[9]
20:25:20.1 (10459882)|STATEMENT_EXECUTE|[12]
20:25:20.1 (10505914)|HEAP_ALLOCATE|[13]|Bytes:4
20:25:20.1 (10632333)|HEAP_ALLOCATE|[EXTERNAL]|Bytes:8
20:25:20.1 (10905382)|HEAP_ALLOCATE|[EXTERNAL]|Bytes:8
20:25:20.1 (52763124)|EMAIL_QUEUE|[12]|subject: Trailhead Tutorial, bccSender: false, saveAsActivity: true, useSignature: true, toAddresses: [kosaniakm@gmail.com], plainTextBody: ndf, 
20:25:20.1 (52892225)|HEAP_ALLOCATE|[EXTERNAL]|Bytes:8
20:25:20.1 (52949889)|HEAP_ALLOCATE|[12]|Bytes:8
20:25:20.1 (53005635)|VARIABLE_SCOPE_BEGIN|[12]|results|List<Messaging.SendEmailResult>|true|false
20:25:20.1 (53183846)|VARIABLE_ASSIGNMENT|[12]|results|"common.apex.runtime.impl.ScalarList@22b6319e"|0x4266d4d4
20:25:20.1 (53198712)|STATEMENT_EXECUTE|[16]
20:25:20.1 (53238534)|METHOD_ENTRY|[16]|01p3X00000DVQ3s|EmailManager.inspectResults(List<Messaging.SendEmailResult>)
20:25:20.1 (53280311)|VARIABLE_SCOPE_BEGIN|[20]|results|List<Messaging.SendEmailResult>|true|false
20:25:20.1 (53397417)|VARIABLE_ASSIGNMENT|[20]|results|"common.apex.runtime.impl.ScalarList@22b6319e"|0x4266d4d4
20:25:20.1 (53410960)|STATEMENT_EXECUTE|[20]
20:25:20.1 (53414201)|STATEMENT_EXECUTE|[21]
20:25:20.1 (53423596)|VARIABLE_SCOPE_BEGIN|[21]|sendResult|Boolean|false|false
20:25:20.1 (53443786)|HEAP_ALLOCATE|[21]|Bytes:5
20:25:20.1 (53462123)|VARIABLE_ASSIGNMENT|[21]|sendResult|true
20:25:20.1 (53738011)|HEAP_ALLOCATE|[27]|Bytes:5
20:25:20.1 (53812089)|HEAP_ALLOCATE|[27]|Bytes:4
20:25:20.1 (53853728)|VARIABLE_SCOPE_BEGIN|[27]|res|Messaging.SendEmailResult|true|false
20:25:20.1 (53960234)|VARIABLE_ASSIGNMENT|[27]|res|"common.api.soap.wsdl.SendEmailResult@22b6317f"|0x6b3ae0e7
20:25:20.1 (53972308)|STATEMENT_EXECUTE|[27]
20:25:20.1 (54035292)|STATEMENT_EXECUTE|[28]
20:25:20.1 (54039438)|STATEMENT_EXECUTE|[29]
20:25:20.1 (54047736)|HEAP_ALLOCATE|[29]|Bytes:23
20:25:20.1 (54202950)|USER_DEBUG|[29]|DEBUG|Email sent successfully
20:25:20.1 (54235064)|HEAP_ALLOCATE|[27]|Bytes:5
20:25:20.1 (54254212)|VARIABLE_ASSIGNMENT|[27]|res|null|
20:25:20.1 (54261877)|STATEMENT_EXECUTE|[37]
20:25:20.1 (54271755)|METHOD_EXIT|[16]|01p3X00000DVQ3s|EmailManager.inspectResults(List<Messaging.SendEmailResult>)
20:25:20.1 (54282397)|METHOD_EXIT|[2]|01p3X00000DVQ3s|EmailManager.sendMail(String, String, String)
20:25:20.1 (54295820)|SYSTEM_MODE_EXIT|false
20:25:20.88 (88632059)|CUMULATIVE_LIMIT_USAGE
20:25:20.88 (88632059)|LIMIT_USAGE_FOR_NS|(default)|
  Number of SOQL queries: 0 out of 100
  Number of query rows: 0 out of 50000
  Number of SOSL queries: 0 out of 20
  Number of DML statements: 0 out of 150
  Number of DML rows: 0 out of 10000
  Maximum CPU time: 0 out of 10000
  Maximum heap size: 0 out of 6000000
  Number of callouts: 0 out of 100
  Number of Email Invocations: 1 out of 10
  Number of future calls: 0 out of 50
  Number of queueable jobs added to the queue: 0 out of 50
  Number of Mobile Apex push calls: 0 out of 10

20:25:20.88 (88632059)|CUMULATIVE_LIMIT_USAGE_END

20:25:20.1 (88742009)|CODE_UNIT_FINISHED|execute_anonymous_apex
20:25:20.1 (90052590)|EXECUTION_FINISHED
