47.0 APEX_CODE,FINEST;APEX_PROFILING,INFO;CALLOUT,INFO;DB,INFO;NBA,INFO;SYSTEM,DEBUG;VALIDATION,INFO;VISUALFORCE,FINER;WAVE,INFO;WORKFLOW,INFO
20:33:14.0 (656206)|USER_INFO|[EXTERNAL]|0053X00000AtFIZ|marik@ctdevlviv.stud|(GMT+00:00) Irish Standard Time (Europe/Dublin)|GMTZ
20:33:14.0 (846562)|EXECUTION_STARTED
20:33:14.0 (880944)|CODE_UNIT_STARTED|[EXTERNAL]|TRIGGERS
20:33:14.0 (931335)|CODE_UNIT_STARTED|[EXTERNAL]|01q3X0000018ST0|testTrigger on order trigger event BeforeInsert|__sfdc_trigger/testTrigger
20:33:14.0 (1013420)|HEAP_ALLOCATE|[EXTERNAL]|Bytes:8
20:33:14.0 (1557061)|HEAP_ALLOCATE|[79]|Bytes:3
20:33:14.0 (1619841)|HEAP_ALLOCATE|[84]|Bytes:152
20:33:14.0 (1642644)|HEAP_ALLOCATE|[399]|Bytes:408
20:33:14.0 (1666650)|HEAP_ALLOCATE|[412]|Bytes:408
20:33:14.0 (1688329)|HEAP_ALLOCATE|[520]|Bytes:48
20:33:14.0 (1730482)|HEAP_ALLOCATE|[139]|Bytes:6
20:33:14.0 (1765655)|HEAP_ALLOCATE|[EXTERNAL]|Bytes:4
20:33:14.0 (1795469)|VARIABLE_SCOPE_BEGIN|[1]|this|testTrigger|true|false
20:33:14.0 (1937875)|VARIABLE_ASSIGNMENT|[1]|this|{}|0x51b79a53
20:33:14.0 (1980836)|HEAP_ALLOCATE|[EXTERNAL]|Bytes:4
20:33:14.0 (1991841)|VARIABLE_SCOPE_BEGIN|[1]|this|testTrigger|true|false
20:33:14.0 (2014535)|VARIABLE_ASSIGNMENT|[1]|this|{}|0x51b79a53
20:33:14.0 (2030604)|STATEMENT_EXECUTE|[1]
20:33:14.0 (2097172)|HEAP_ALLOCATE|[52]|Bytes:5
20:33:14.0 (2131885)|HEAP_ALLOCATE|[58]|Bytes:5
20:33:14.0 (2145438)|HEAP_ALLOCATE|[66]|Bytes:7
20:33:14.0 (2178250)|STATEMENT_EXECUTE|[2]
20:33:14.2 (2189878)|CUMULATIVE_LIMIT_USAGE
20:33:14.2 (2189878)|LIMIT_USAGE_FOR_NS|(default)|
  Number of SOQL queries: 0 out of 100
  Number of query rows: 0 out of 50000
  Number of SOSL queries: 0 out of 20
  Number of DML statements: 0 out of 150
  Number of DML rows: 0 out of 10000
  Maximum CPU time: 0 out of 10000
  Maximum heap size: 0 out of 6000000
  Number of callouts: 0 out of 100
  Number of Email Invocations: 0 out of 10
  Number of future calls: 0 out of 50
  Number of queueable jobs added to the queue: 0 out of 50
  Number of Mobile Apex push calls: 0 out of 10

20:33:14.2 (2189878)|CUMULATIVE_LIMIT_USAGE_END

20:33:14.0 (3664109)|CODE_UNIT_FINISHED|testTrigger on order trigger event BeforeInsert|__sfdc_trigger/testTrigger
20:33:14.0 (54878957)|CODE_UNIT_FINISHED|TRIGGERS
20:33:14.0 (54910899)|EXECUTION_FINISHED
