47.0 APEX_CODE,FINEST;APEX_PROFILING,INFO;CALLOUT,INFO;DB,INFO;NBA,INFO;SYSTEM,DEBUG;VALIDATION,INFO;VISUALFORCE,FINER;WAVE,INFO;WORKFLOW,INFO
Execute Anonymous: AddNewProducts em = new AddNewProducts();
Execute Anonymous: em.getProducts();
15:54:08.1 (1706925)|USER_INFO|[EXTERNAL]|0053X00000AtFIZ|marik@ctdevlviv.stud|(GMT+00:00) Irish Standard Time (Europe/Dublin)|GMTZ
15:54:08.1 (1747382)|EXECUTION_STARTED
15:54:08.1 (1759824)|CODE_UNIT_STARTED|[EXTERNAL]|execute_anonymous_apex
15:54:08.1 (2689215)|VARIABLE_SCOPE_BEGIN|[1]|em|AddNewProducts|true|false
15:54:08.1 (2869942)|HEAP_ALLOCATE|[79]|Bytes:3
15:54:08.1 (2919594)|HEAP_ALLOCATE|[84]|Bytes:152
15:54:08.1 (2934361)|HEAP_ALLOCATE|[399]|Bytes:408
15:54:08.1 (2948964)|HEAP_ALLOCATE|[412]|Bytes:408
15:54:08.1 (2961603)|HEAP_ALLOCATE|[520]|Bytes:48
15:54:08.1 (2986744)|HEAP_ALLOCATE|[139]|Bytes:6
15:54:08.1 (3023180)|HEAP_ALLOCATE|[EXTERNAL]|Bytes:3
15:54:08.1 (3069659)|STATEMENT_EXECUTE|[1]
15:54:08.1 (3074622)|STATEMENT_EXECUTE|[1]
15:54:08.1 (3078354)|HEAP_ALLOCATE|[1]|Bytes:1
15:54:08.1 (3083833)|HEAP_ALLOCATE|[1]|Bytes:2
15:54:08.1 (3119887)|METHOD_ENTRY|[1]|01p3X00000DVuqx|AddNewProducts.AddNewProducts()
15:54:08.1 (3128510)|STATEMENT_EXECUTE|[1]
15:54:08.1 (3133963)|STATEMENT_EXECUTE|[1]
15:54:08.1 (3143552)|METHOD_EXIT|[1]|AddNewProducts
15:54:08.1 (3162154)|HEAP_ALLOCATE|[1]|Bytes:4
15:54:08.1 (3193328)|HEAP_ALLOCATE|[52]|Bytes:5
15:54:08.1 (3224954)|HEAP_ALLOCATE|[58]|Bytes:5
15:54:08.1 (3232748)|HEAP_ALLOCATE|[66]|Bytes:7
15:54:08.1 (3257136)|SYSTEM_MODE_ENTER|false
15:54:08.1 (3301351)|HEAP_ALLOCATE|[1]|Bytes:5
15:54:08.1 (3348483)|CONSTRUCTOR_ENTRY|[1]|01p3X00000DVuqx|<init>()|AddNewProducts
15:54:08.1 (3385011)|VARIABLE_SCOPE_BEGIN|[1]|this|AddNewProducts|true|false
15:54:08.1 (3535326)|VARIABLE_ASSIGNMENT|[1]|this|{}|0x1026569f
15:54:08.1 (3550911)|HEAP_ALLOCATE|[EXTERNAL]|Bytes:6
15:54:08.1 (7625556)|STATEMENT_EXECUTE|[1]
15:54:08.1 (7647123)|CONSTRUCTOR_EXIT|[1]|01p3X00000DVuqx|<init>()|AddNewProducts
15:54:08.1 (7672649)|SYSTEM_MODE_EXIT|false
15:54:08.1 (7720919)|VARIABLE_ASSIGNMENT|[1]|em|{}|0x1026569f
15:54:08.1 (7727237)|STATEMENT_EXECUTE|[2]
15:54:08.1 (7770165)|SYSTEM_MODE_ENTER|false
15:54:08.1 (7791025)|HEAP_ALLOCATE|[2]|Bytes:5
15:54:08.1 (7840832)|METHOD_ENTRY|[2]|01p3X00000DVuqx|AddNewProducts.getProducts()
15:54:08.1 (7877287)|VARIABLE_SCOPE_BEGIN|[2]|this|AddNewProducts|true|false
15:54:08.1 (7892713)|VARIABLE_ASSIGNMENT|[2]|this|{}|0x1026569f
15:54:08.1 (7902689)|STATEMENT_EXECUTE|[2]
15:54:08.1 (7905806)|STATEMENT_EXECUTE|[3]
15:54:08.1 (7932917)|VARIABLE_SCOPE_BEGIN|[3]|req|System.HttpRequest|true|false
15:54:08.1 (8214801)|VARIABLE_ASSIGNMENT|[3]|req|"System.HttpRequest[Endpoint=null, Method=null]"|0xeb92bbf
15:54:08.1 (8224856)|STATEMENT_EXECUTE|[4]
15:54:08.1 (8240390)|VARIABLE_SCOPE_BEGIN|[4]|http|System.Http|true|false
15:54:08.1 (8314899)|VARIABLE_ASSIGNMENT|[4]|http|"System.Http[]"|0x5e64a6dc
15:54:08.1 (8321524)|STATEMENT_EXECUTE|[6]
15:54:08.1 (8327351)|HEAP_ALLOCATE|[6]|Bytes:3
15:54:08.1 (8435752)|STATEMENT_EXECUTE|[7]
15:54:08.1 (8439544)|HEAP_ALLOCATE|[7]|Bytes:82
15:54:08.1 (8461612)|STATEMENT_EXECUTE|[10]
15:54:08.1 (8532950)|CALLOUT_REQUEST|[10]|System.HttpRequest[Endpoint=https://lviv-courses-1-developer-edition.eu32.force.com/services/apexrest/products, Method=GET]
15:54:08.1 (57782843)|HEAP_ALLOCATE|[EXTERNAL]|Bytes:529
15:54:08.1 (58369823)|CALLOUT_RESPONSE|[10]|System.HttpResponse[Status=OK, StatusCode=200]
15:54:08.1 (58397127)|HEAP_ALLOCATE|[10]|Bytes:136
15:54:08.1 (58428039)|VARIABLE_SCOPE_BEGIN|[10]|response|System.HttpResponse|true|false
15:54:08.1 (58505683)|VARIABLE_ASSIGNMENT|[10]|response|"System.HttpResponse[Status=OK, StatusCode=200]"|0x791e5aea
15:54:08.1 (58514484)|STATEMENT_EXECUTE|[12]
15:54:08.1 (58590108)|HEAP_ALLOCATE|[12]|Bytes:130
15:54:08.1 (58635970)|USER_DEBUG|[12]|DEBUG|"[{\"price\":1199,\"name\":\"Sony Xperia X1\"},{\"price\":999,\"name\":\"Iphone 8\"},{\"price\":1399,\"name\":\"Iphone 11 Pro\"}]"
15:54:08.1 (58657487)|METHOD_EXIT|[2]|01p3X00000DVuqx|AddNewProducts.getProducts()
15:54:08.1 (58669187)|SYSTEM_MODE_EXIT|false
15:54:08.61 (61133769)|CUMULATIVE_LIMIT_USAGE
15:54:08.61 (61133769)|LIMIT_USAGE_FOR_NS|(default)|
  Number of SOQL queries: 0 out of 100
  Number of query rows: 0 out of 50000
  Number of SOSL queries: 0 out of 20
  Number of DML statements: 0 out of 150
  Number of DML rows: 0 out of 10000
  Maximum CPU time: 0 out of 10000
  Maximum heap size: 0 out of 6000000
  Number of callouts: 1 out of 100
  Number of Email Invocations: 0 out of 10
  Number of future calls: 0 out of 50
  Number of queueable jobs added to the queue: 0 out of 50
  Number of Mobile Apex push calls: 0 out of 10

15:54:08.61 (61133769)|CUMULATIVE_LIMIT_USAGE_END

15:54:08.1 (61238680)|CODE_UNIT_FINISHED|execute_anonymous_apex
15:54:08.1 (62364170)|EXECUTION_FINISHED
