47.0 APEX_CODE,FINEST;APEX_PROFILING,INFO;CALLOUT,INFO;DB,INFO;NBA,INFO;SYSTEM,DEBUG;VALIDATION,INFO;VISUALFORCE,FINER;WAVE,INFO;WORKFLOW,INFO
13:25:52.2 (2130669)|USER_INFO|[EXTERNAL]|0053X00000AtFIZ|marik@ctdevlviv.stud|(GMT+00:00) Irish Standard Time (Europe/Dublin)|GMTZ
13:25:52.2 (2251150)|EXECUTION_STARTED
13:25:52.2 (2275565)|CODE_UNIT_STARTED|[EXTERNAL]|TRIGGERS
13:25:52.2 (2327974)|CODE_UNIT_STARTED|[EXTERNAL]|01q3X0000018ST0|testTrigger on order trigger event BeforeInsert|__sfdc_trigger/testTrigger
13:25:52.2 (2423928)|HEAP_ALLOCATE|[EXTERNAL]|Bytes:8
13:25:52.2 (2998150)|HEAP_ALLOCATE|[79]|Bytes:3
13:25:52.2 (3103116)|HEAP_ALLOCATE|[84]|Bytes:152
13:25:52.2 (3131207)|HEAP_ALLOCATE|[399]|Bytes:408
13:25:52.2 (3157799)|HEAP_ALLOCATE|[412]|Bytes:408
13:25:52.2 (3178693)|HEAP_ALLOCATE|[520]|Bytes:48
13:25:52.2 (3220708)|HEAP_ALLOCATE|[139]|Bytes:6
13:25:52.2 (3245159)|HEAP_ALLOCATE|[EXTERNAL]|Bytes:1
13:25:52.2 (3276748)|HEAP_ALLOCATE|[EXTERNAL]|Bytes:4
13:25:52.2 (3313911)|VARIABLE_SCOPE_BEGIN|[1]|this|testTrigger|true|false
13:25:52.2 (3567955)|VARIABLE_ASSIGNMENT|[1]|this|{}|0x665caf2f
13:25:52.2 (3653096)|HEAP_ALLOCATE|[EXTERNAL]|Bytes:4
13:25:52.2 (3723119)|VARIABLE_SCOPE_BEGIN|[1]|this|testTrigger|true|false
13:25:52.2 (3753582)|VARIABLE_ASSIGNMENT|[1]|this|{}|0x665caf2f
13:25:52.2 (3768670)|STATEMENT_EXECUTE|[1]
13:25:52.2 (3852972)|HEAP_ALLOCATE|[52]|Bytes:5
13:25:52.2 (3897216)|HEAP_ALLOCATE|[58]|Bytes:5
13:25:52.2 (3910796)|HEAP_ALLOCATE|[66]|Bytes:7
13:25:52.2 (3954499)|STATEMENT_EXECUTE|[2]
13:25:52.3 (3967986)|CUMULATIVE_LIMIT_USAGE
13:25:52.3 (3967986)|LIMIT_USAGE_FOR_NS|(default)|
  Number of SOQL queries: 0 out of 100
  Number of query rows: 0 out of 50000
  Number of SOSL queries: 0 out of 20
  Number of DML statements: 0 out of 150
  Number of DML rows: 0 out of 10000
  Maximum CPU time: 0 out of 10000
  Maximum heap size: 0 out of 6000000
  Number of callouts: 0 out of 100
  Number of Email Invocations: 0 out of 10
  Number of future calls: 0 out of 50
  Number of queueable jobs added to the queue: 0 out of 50
  Number of Mobile Apex push calls: 0 out of 10

13:25:52.3 (3967986)|CUMULATIVE_LIMIT_USAGE_END

13:25:52.2 (5120019)|CODE_UNIT_FINISHED|testTrigger on order trigger event BeforeInsert|__sfdc_trigger/testTrigger
13:25:52.2 (62141229)|CODE_UNIT_FINISHED|TRIGGERS
13:25:52.2 (62175106)|EXECUTION_FINISHED
