47.0 APEX_CODE,FINEST;APEX_PROFILING,INFO;CALLOUT,INFO;DB,INFO;NBA,INFO;SYSTEM,DEBUG;VALIDATION,INFO;VISUALFORCE,FINER;WAVE,INFO;WORKFLOW,INFO
20:53:46.0 (722091)|USER_INFO|[EXTERNAL]|0053X00000AtFIZ|marik@ctdevlviv.stud|(GMT+00:00) Irish Standard Time (Europe/Dublin)|GMTZ
20:53:46.0 (860456)|EXECUTION_STARTED
20:53:46.0 (879150)|CODE_UNIT_STARTED|[EXTERNAL]|TRIGGERS
20:53:46.0 (922872)|CODE_UNIT_STARTED|[EXTERNAL]|01q3X0000018ST0|testTrigger on order trigger event BeforeInsert|__sfdc_trigger/testTrigger
20:53:46.0 (997570)|HEAP_ALLOCATE|[EXTERNAL]|Bytes:8
20:53:46.0 (1527592)|HEAP_ALLOCATE|[79]|Bytes:3
20:53:46.0 (1595993)|HEAP_ALLOCATE|[84]|Bytes:152
20:53:46.0 (1619239)|HEAP_ALLOCATE|[399]|Bytes:408
20:53:46.0 (1642890)|HEAP_ALLOCATE|[412]|Bytes:408
20:53:46.0 (1663736)|HEAP_ALLOCATE|[520]|Bytes:48
20:53:46.0 (1698986)|HEAP_ALLOCATE|[139]|Bytes:6
20:53:46.0 (1736789)|HEAP_ALLOCATE|[EXTERNAL]|Bytes:4
20:53:46.0 (1766530)|VARIABLE_SCOPE_BEGIN|[1]|this|testTrigger|true|false
20:53:46.0 (1901451)|VARIABLE_ASSIGNMENT|[1]|this|{}|0x14546f7d
20:53:46.0 (1944136)|HEAP_ALLOCATE|[EXTERNAL]|Bytes:4
20:53:46.0 (1955573)|VARIABLE_SCOPE_BEGIN|[1]|this|testTrigger|true|false
20:53:46.0 (1977214)|VARIABLE_ASSIGNMENT|[1]|this|{}|0x14546f7d
20:53:46.0 (1991216)|STATEMENT_EXECUTE|[1]
20:53:46.0 (2030892)|HEAP_ALLOCATE|[52]|Bytes:5
20:53:46.0 (2065142)|HEAP_ALLOCATE|[58]|Bytes:5
20:53:46.0 (2079616)|HEAP_ALLOCATE|[66]|Bytes:7
20:53:46.0 (2115761)|STATEMENT_EXECUTE|[2]
20:53:46.2 (2128427)|CUMULATIVE_LIMIT_USAGE
20:53:46.2 (2128427)|LIMIT_USAGE_FOR_NS|(default)|
  Number of SOQL queries: 0 out of 100
  Number of query rows: 0 out of 50000
  Number of SOSL queries: 0 out of 20
  Number of DML statements: 0 out of 150
  Number of DML rows: 0 out of 10000
  Maximum CPU time: 0 out of 10000
  Maximum heap size: 0 out of 6000000
  Number of callouts: 0 out of 100
  Number of Email Invocations: 0 out of 10
  Number of future calls: 0 out of 50
  Number of queueable jobs added to the queue: 0 out of 50
  Number of Mobile Apex push calls: 0 out of 10

20:53:46.2 (2128427)|CUMULATIVE_LIMIT_USAGE_END

20:53:46.0 (3265893)|CODE_UNIT_FINISHED|testTrigger on order trigger event BeforeInsert|__sfdc_trigger/testTrigger
20:53:46.0 (31170005)|CODE_UNIT_STARTED|[EXTERNAL]|01q3X0000018Sjz|Test2 on order trigger event BeforeInsert|__sfdc_trigger/Test2
20:53:46.0 (31252687)|HEAP_ALLOCATE|[EXTERNAL]|Bytes:8
20:53:46.0 (31397887)|HEAP_ALLOCATE|[EXTERNAL]|Bytes:4
20:53:46.0 (31423515)|VARIABLE_SCOPE_BEGIN|[1]|this|Test2|true|false
20:53:46.0 (31472918)|VARIABLE_ASSIGNMENT|[1]|this|{}|0x73ff7e35
20:53:46.0 (31558429)|HEAP_ALLOCATE|[EXTERNAL]|Bytes:4
20:53:46.0 (31609050)|VARIABLE_SCOPE_BEGIN|[1]|this|Test2|true|false
20:53:46.0 (31640404)|VARIABLE_ASSIGNMENT|[1]|this|{}|0x73ff7e35
20:53:46.0 (31651089)|STATEMENT_EXECUTE|[1]
20:53:46.0 (31675850)|STATEMENT_EXECUTE|[2]
20:53:46.31 (31682650)|CUMULATIVE_LIMIT_USAGE
20:53:46.31 (31682650)|LIMIT_USAGE_FOR_NS|(default)|
  Number of SOQL queries: 0 out of 100
  Number of query rows: 0 out of 50000
  Number of SOSL queries: 0 out of 20
  Number of DML statements: 0 out of 150
  Number of DML rows: 0 out of 10000
  Maximum CPU time: 0 out of 10000
  Maximum heap size: 0 out of 6000000
  Number of callouts: 0 out of 100
  Number of Email Invocations: 0 out of 10
  Number of future calls: 0 out of 50
  Number of queueable jobs added to the queue: 0 out of 50
  Number of Mobile Apex push calls: 0 out of 10

20:53:46.31 (31682650)|CUMULATIVE_LIMIT_USAGE_END

20:53:46.0 (32686160)|CODE_UNIT_FINISHED|Test2 on order trigger event BeforeInsert|__sfdc_trigger/Test2
20:53:46.0 (62297726)|CODE_UNIT_FINISHED|TRIGGERS
20:53:46.0 (62348344)|EXECUTION_FINISHED
